
> frontend@0.0.0 dev
> vite --host 127.0.0.1 --port 5173


  [32m[1mVITE[22m v6.4.3[39m  [2mready in [0m[1m375[22m[2m[0m ms[22m

  [32m➜[39m  [1mLocal[22m:   [36mhttp://127.0.0.1:[1m5173[22m/[39m
[2m2:16:27 PM[22m [36m[1m[vite][22m[39m [90m[2m(client)[22m[39m [32mhmr update [39m[2m/src/pages/Analysis.jsx, /src/index.css[22m
[2m2:23:22 PM[22m [36m[1m[vite][22m[39m [90m[2m(client)[22m[39m [32mpage reload [39m[2mindex.html[22m
[2m3:58:54 PM[22m [36m[1m[vite][22m[39m [90m[2m(client)[22m[39m [32mhmr update [39m[2m/src/index.css[22m
[2m3:59:09 PM[22m [36m[1m[vite][22m[39m [90m[2m(client)[22m[39m [32mpage reload [39m[2mtailwind.config.js[22m
[2m3:59:18 PM[22m [36m[1m[vite][22m[39m [90m[2m(client)[22m[39m [32mhmr update [39m[2m/src/store/AuthContext.jsx, /src/index.css, /src/pages/History.jsx, /src/pages/Login.jsx, /src/pages/Register.jsx, /src/pages/Settings.jsx, /src/pages/Reports.jsx, /src/pages/Dashboard.jsx, /src/pages/Upload.jsx, /src/pages/Analysis.jsx[22m
[2m3:59:54 PM[22m [36m[1m[vite][22m[39m [90m[2m(client)[22m[39m [32mhmr update [39m[2m/src/store/AuthContext.jsx, /src/index.css[22m
[2m4:00:00 PM[22m [36m[1m[vite][22m[39m [90m[2m(client)[22m[39m [32mpage reload [39m[2msrc/main.jsx[22m
[2m4:03:10 PM[22m [36m[1m[vite][22m[39m [90m[2m(client)[22m[39m [32mhmr update [39m[2m/src/pages/Login.jsx, /src/index.css[22m
[2m4:03:32 PM[22m [36m[1m[vite][22m[39m [90m[2m(client)[22m[39m [32mhmr update [39m[2m/src/pages/Dashboard.jsx, /src/index.css[22m
[2m4:04:18 PM[22m [36m[1m[vite][22m[39m [90m[2m(client)[22m[39m [32mhmr update [39m[2m/src/pages/Analysis.jsx, /src/index.css[22m
[2m4:04:54 PM[22m [36m[1m[vite][22m[39m [90m[2m(client)[22m[39m [32mhmr update [39m[2m/src/pages/Upload.jsx, /src/index.css[22m
[2m4:05:04 PM[22m [36m[1m[vite][22m[39m [90m[2m(client)[22m[39m [32mhmr update [39m[2m/src/pages/History.jsx, /src/index.css[22m
[2m4:05:04 PM[22m [36m[1m[vite][22m[39m [90m[2m(client)[22m[39m [32mhmr update [39m[2m/src/pages/Reports.jsx, /src/index.css[22m
[2m4:05:16 PM[22m [36m[1m[vite][22m[39m [32mvite.config.js changed, restarting server...[39m
[2m4:05:16 PM[22m [36m[1m[vite][22m[39m [90m[2m(client)[22m[39m Re-optimizing dependencies because lockfile has changed
[2m4:05:16 PM[22m [36m[1m[vite][22m[39m server restarted.
